Base path: 'C:/Program Files/Unity/Hub/Editor/2019.3.9f1/Editor/Data', plugins path 'C:/Program Files/Unity/Hub/Editor/2019.3.9f1/Editor/Data/PlaybackEngines'
Cmd: initializeCompiler
Cmd: compileComputeKernel
  api=4 insize=16804 outsize=10676 ok=1
Cmd: compileComputeKernel
  api=4 insize=9615 outsize=4297 ok=1
Cmd: compileComputeKernel
  api=4 insize=9809 outsize=5133 ok=1
Cmd: compileComputeKernel
  api=4 insize=4823 outsize=2751 ok=1
Cmd: compileComputeKernel
  api=4 insize=2770 outsize=2186 ok=1
Cmd: compileComputeKernel
  api=4 insize=14139 outsize=1290 ok=1
Cmd: compileComputeKernel
  api=4 insize=11086 outsize=4877 ok=1
Cmd: compileComputeKernel
  api=4 insize=868 outsize=578 ok=1
Cmd: compileComputeKernel
  api=4 insize=40264 outsize=35783 ok=1
Cmd: compileComputeKernel
  api=4 insize=40264 outsize=37115 ok=1
Cmd: compileComputeKernel
  api=4 insize=3450 outsize=1076 ok=1
Cmd: compileComputeKernel
  api=4 insize=22295 outsize=14163 ok=1
Cmd: compileComputeKernel
  api=4 insize=2307 outsize=987 ok=1
Cmd: compileComputeKernel
  api=4 insize=7840 outsize=7432 ok=1
Cmd: compileComputeKernel
  api=4 insize=22339 outsize=1026 ok=1
Cmd: compileComputeKernel
  api=4 insize=6745 outsize=1366 ok=1
Cmd: compileComputeKernel
  api=4 insize=6745 outsize=1243 ok=1
Cmd: compileComputeKernel
  api=4 insize=9103 outsize=2140 ok=1
Cmd: compileComputeKernel
  api=4 insize=26542 outsize=15377 ok=1
Cmd: compileComputeKernel
  api=4 insize=16295 outsize=14780 ok=1
Cmd: compileComputeKernel
  api=4 insize=16295 outsize=41198 ok=1
Cmd: compileComputeKernel
  api=4 insize=16295 outsize=34300 ok=1
Cmd: compileComputeKernel
  api=4 insize=16295 outsize=38334 ok=1
Cmd: compileComputeKernel
  api=4 insize=16295 outsize=47885 ok=1
Cmd: compileComputeKernel
  api=4 insize=16295 outsize=100957 ok=1
Cmd: compileComputeKernel
  api=4 insize=3697 outsize=3162 ok=1
Cmd: compileComputeKernel
  api=4 insize=28593 outsize=5639 ok=1
Cmd: compileComputeKernel
  api=4 insize=12177 outsize=953 ok=1
Cmd: compileComputeKernel
  api=4 insize=13959 outsize=4058 ok=1
Cmd: compileSnippet
  api=4 type=0 insize=7443 outsize=810 kw=_NORMALMAP_TANGENT_SPACE pd=UNITY_ENABLE_REFLECTION_BUFFERS UNITY_USE_DITHER_MASK_FOR_ALPHABLENDED_SHADOWS UNITY_PBS_USE_BRDF1 UNITY_SPECCUBE_BOX_PROJECTION UNITY_SPECCUBE_BLENDING UNITY_ENABLE_DETAIL_NORMALMAP SHADER_API_DESKTOP UNITY_LIGHT_PROBE_PROXY_VOLUME UNITY_LIGHTMAP_FULL_HDR ok=1
